bash-5.1  cat ../volumes/v1/file.txt
argv: ./P1 Assignment Hardik Ghoshal 5184856
environ:
SESSION_V=V-7360-8710
SCONE_LAS_ADDR=141.76.50.190
HOSTNAME=se1-fujitsu
SESSION_P1=P1-19922-25906
REALGCC=/usr/bin/gcc
PWD=/work
HOME=/root
MRENCLAVE=3e5d9ffa08ca89682db603315e7c9a39e95d962044478a8b2f994d003644c41f
SCONE_CAS_ADDR=141.76.44.93
TERM=xterm
OTP=NFQW25DFON2GS3THONRW63TFNBSWY3DP
SHLVL=1
SESSION=P1-25855-16288
PREDECESSOR_V=
PATH=/usr/local/sbin:/usr/local/bin:/usr/sbin:/usr/bin:/sbin:/bin
OTPSECRET=NFQW25DFON2GS3THONRW63TFNBSWY3DP
OLDPWD=/
_=./P1